<?xml version="1.0" encoding="UTF-8"?>
<!-- Generated by org.testng.reporters.JUnitXMLReporter -->
<testsuite hostname="Aidans-MacBook-Pro.local" name="Application test2" tests="3" failures="0" timestamp="15 Apr 2018 18:06:26 GMT" time="0.005" errors="0">
  <testcase name="test3" time="0.001" classname="testNG.TestnG_Priority"/>
  <testcase name="test2" time="0.001" classname="testNG.TestnG_Priority"/>
  <testcase name="test1" time="0.001" classname="testNG.TestnG_Priority"/>
</testsuite> <!-- Application test2 -->
